<?xml version="1.0" encoding="UTF-8"?>
<testng-results ignored="0" total="2" passed="2" failed="0" skipped="0">
  <reporter-output>
  </reporter-output>
  <suite started-at="2024-12-31T17:38:30 IST" name="Suite" finished-at="2024-12-31T17:38:43 IST" duration-ms="13346">
    <groups>
    </groups>
    <test started-at="2024-12-31T17:38:30 IST" name="Test" finished-at="2024-12-31T17:38:43 IST" duration-ms="13346">
      <class name="testNG_Program.parameter_method">
        <test-method signature="open_webpage(java.lang.String)[pri:0, instance:testNG_Program.parameter_method@5c90e579]" started-at="2024-12-31T17:38:30 IST" name="open_webpage" finished-at="2024-12-31T17:38:43 IST" duration-ms="13279" status="PASS">
          <params>
            <param index="0">
              <value>
                <![CDATA[https://www.google.com/]]>
              </value>
            </param>
          </params>
          <reporter-output>
          </reporter-output>
        </test-method> <!-- open_webpage -->
        <test-method signature="double_parameter(java.lang.String,java.lang.String)[pri:0, instance:testNG_Program.parameter_method@5c90e579]" started-at="2024-12-31T17:38:43 IST" name="double_parameter" finished-at="2024-12-31T17:38:43 IST" duration-ms="6" status="PASS">
          <params>
            <param index="0">
              <value>
                <![CDATA[SHUBH]]>
              </value>
            </param>
            <param index="1">
              <value>
                <![CDATA[1234]]>
              </value>
            </param>
          </params>
          <reporter-output>
          </reporter-output>
        </test-method> <!-- double_parameter -->
      </class> <!-- testNG_Program.parameter_method -->
    </test> <!-- Test -->
  </suite> <!-- Suite -->
</testng-results>
